
 
2023-11-26 18:18:29,264 - INFO - middleware - middleware.py- mw 
2023-11-26 18:20:10,178 - INFO - middleware - middleware.py- Страница  Проекты 
2023-11-26 18:20:11,936 - INFO - middleware - middleware.py- Страница  Проекты 
2023-11-26 18:20:13,047 - INFO - middleware - middleware.py- Страница  Проекты 
2023-11-26 18:20:13,941 - INFO - middleware - middleware.py- Страница  Проекты 
2023-11-26 18:25:21,900 - INFO - middleware - middleware.py- Страница  Проекты. Headers= {'Content-Length': '', 'Content-Type': 'text/plain', 'Host': '127.0.0.1:8000', 'Connection': 'keep-alive', 'Cache-Control': 'max-age=0', 'Sec-Ch-Ua': '"Google Chrome";v="119", "Chromium";v="119", "Not?A_Brand";v="24"', 'Sec-Ch-Ua-Mobile': '?0', 'Sec-Ch-Ua-Platform': '"Windows"', 'Upgrade-Insecure-Requests': '1', 'User-Agent': 'Mozilla/5.0 (Windows NT 10.0; Win64; x64) AppleWebKit/537.36 (KHTML, like Gecko) Chrome/119.0.0.0 Safari/537.36', 'Accept': 'text/html,application/xhtml+xml,application/xml;q=0.9,image/avif,image/webp,image/apng,*/*;q=0.8,application/signed-exchange;v=b3;q=0.7', 'Sec-Fetch-Site': 'same-origin', 'Sec-Fetch-Mode': 'navigate', 'Sec-Fetch-User': '?1', 'Sec-Fetch-Dest': 'document', 'Referer': 'http://127.0.0.1:8000/korp/events/', 'Accept-Encoding': 'gzip, deflate, br', 'Accept-Language': 'ru-RU,ru;q=0.9,en-US;q=0.8,en;q=0.7', 'Cookie': 'csrftoken=PfDdDR2UChajZckeJJiIaGLwDs5L5Q2a'}  
2023-11-26 18:25:23,145 - INFO - middleware - middleware.py- Страница  Проекты. Headers= {'Content-Length': '', 'Content-Type': 'text/plain', 'Host': '127.0.0.1:8000', 'Connection': 'keep-alive', 'Cache-Control': 'max-age=0', 'Sec-Ch-Ua': '"Google Chrome";v="119", "Chromium";v="119", "Not?A_Brand";v="24"', 'Sec-Ch-Ua-Mobile': '?0', 'Sec-Ch-Ua-Platform': '"Windows"', 'Upgrade-Insecure-Requests': '1', 'User-Agent': 'Mozilla/5.0 (Windows NT 10.0; Win64; x64) AppleWebKit/537.36 (KHTML, like Gecko) Chrome/119.0.0.0 Safari/537.36', 'Accept': 'text/html,application/xhtml+xml,application/xml;q=0.9,image/avif,image/webp,image/apng,*/*;q=0.8,application/signed-exchange;v=b3;q=0.7', 'Sec-Fetch-Site': 'same-origin', 'Sec-Fetch-Mode': 'navigate', 'Sec-Fetch-User': '?1', 'Sec-Fetch-Dest': 'document', 'Referer': 'http://127.0.0.1:8000/korp/events/', 'Accept-Encoding': 'gzip, deflate, br', 'Accept-Language': 'ru-RU,ru;q=0.9,en-US;q=0.8,en;q=0.7', 'Cookie': 'csrftoken=PfDdDR2UChajZckeJJiIaGLwDs5L5Q2a'}  
2023-11-26 18:25:23,939 - INFO - middleware - middleware.py- Страница  Проекты. Headers= {'Content-Length': '', 'Content-Type': 'text/plain', 'Host': '127.0.0.1:8000', 'Connection': 'keep-alive', 'Cache-Control': 'max-age=0', 'Sec-Ch-Ua': '"Google Chrome";v="119", "Chromium";v="119", "Not?A_Brand";v="24"', 'Sec-Ch-Ua-Mobile': '?0', 'Sec-Ch-Ua-Platform': '"Windows"', 'Upgrade-Insecure-Requests': '1', 'User-Agent': 'Mozilla/5.0 (Windows NT 10.0; Win64; x64) AppleWebKit/537.36 (KHTML, like Gecko) Chrome/119.0.0.0 Safari/537.36', 'Accept': 'text/html,application/xhtml+xml,application/xml;q=0.9,image/avif,image/webp,image/apng,*/*;q=0.8,application/signed-exchange;v=b3;q=0.7', 'Sec-Fetch-Site': 'same-origin', 'Sec-Fetch-Mode': 'navigate', 'Sec-Fetch-User': '?1', 'Sec-Fetch-Dest': 'document', 'Referer': 'http://127.0.0.1:8000/korp/events/', 'Accept-Encoding': 'gzip, deflate, br', 'Accept-Language': 'ru-RU,ru;q=0.9,en-US;q=0.8,en;q=0.7', 'Cookie': 'csrftoken=PfDdDR2UChajZckeJJiIaGLwDs5L5Q2a'}  
2023-11-26 18:26:12,768 - INFO - middleware - middleware.py-  Страница Проекты. Headers= {'Content-Length': '', 'Content-Type': 'text/plain', 'Host': '127.0.0.1:8000', 'Connection': 'keep-alive', 'Cache-Control': 'max-age=0', 'Sec-Ch-Ua': '"Google Chrome";v="119", "Chromium";v="119", "Not?A_Brand";v="24"', 'Sec-Ch-Ua-Mobile': '?0', 'Sec-Ch-Ua-Platform': '"Windows"', 'Upgrade-Insecure-Requests': '1', 'User-Agent': 'Mozilla/5.0 (Windows NT 10.0; Win64; x64) AppleWebKit/537.36 (KHTML, like Gecko) Chrome/119.0.0.0 Safari/537.36', 'Accept': 'text/html,application/xhtml+xml,application/xml;q=0.9,image/avif,image/webp,image/apng,*/*;q=0.8,application/signed-exchange;v=b3;q=0.7', 'Sec-Fetch-Site': 'same-origin', 'Sec-Fetch-Mode': 'navigate', 'Sec-Fetch-User': '?1', 'Sec-Fetch-Dest': 'document', 'Referer': 'http://127.0.0.1:8000/korp/events/', 'Accept-Encoding': 'gzip, deflate, br', 'Accept-Language': 'ru-RU,ru;q=0.9,en-US;q=0.8,en;q=0.7', 'Cookie': 'csrftoken=PfDdDR2UChajZckeJJiIaGLwDs5L5Q2a'}  
2023-11-26 18:26:15,033 - INFO - middleware - middleware.py-  Страница Проекты. Headers= {'Content-Length': '', 'Content-Type': 'text/plain', 'Host': '127.0.0.1:8000', 'Connection': 'keep-alive', 'Cache-Control': 'max-age=0', 'Sec-Ch-Ua': '"Google Chrome";v="119", "Chromium";v="119", "Not?A_Brand";v="24"', 'Sec-Ch-Ua-Mobile': '?0', 'Sec-Ch-Ua-Platform': '"Windows"', 'Upgrade-Insecure-Requests': '1', 'User-Agent': 'Mozilla/5.0 (Windows NT 10.0; Win64; x64) AppleWebKit/537.36 (KHTML, like Gecko) Chrome/119.0.0.0 Safari/537.36', 'Accept': 'text/html,application/xhtml+xml,application/xml;q=0.9,image/avif,image/webp,image/apng,*/*;q=0.8,application/signed-exchange;v=b3;q=0.7', 'Sec-Fetch-Site': 'same-origin', 'Sec-Fetch-Mode': 'navigate', 'Sec-Fetch-User': '?1', 'Sec-Fetch-Dest': 'document', 'Referer': 'http://127.0.0.1:8000/korp/events/', 'Accept-Encoding': 'gzip, deflate, br', 'Accept-Language': 'ru-RU,ru;q=0.9,en-US;q=0.8,en;q=0.7', 'Cookie': 'csrftoken=PfDdDR2UChajZckeJJiIaGLwDs5L5Q2a'}  
2023-11-26 18:26:15,686 - INFO - middleware - middleware.py-  Страница Проекты. Headers= {'Content-Length': '', 'Content-Type': 'text/plain', 'Host': '127.0.0.1:8000', 'Connection': 'keep-alive', 'Cache-Control': 'max-age=0', 'Sec-Ch-Ua': '"Google Chrome";v="119", "Chromium";v="119", "Not?A_Brand";v="24"', 'Sec-Ch-Ua-Mobile': '?0', 'Sec-Ch-Ua-Platform': '"Windows"', 'Upgrade-Insecure-Requests': '1', 'User-Agent': 'Mozilla/5.0 (Windows NT 10.0; Win64; x64) AppleWebKit/537.36 (KHTML, like Gecko) Chrome/119.0.0.0 Safari/537.36', 'Accept': 'text/html,application/xhtml+xml,application/xml;q=0.9,image/avif,image/webp,image/apng,*/*;q=0.8,application/signed-exchange;v=b3;q=0.7', 'Sec-Fetch-Site': 'same-origin', 'Sec-Fetch-Mode': 'navigate', 'Sec-Fetch-User': '?1', 'Sec-Fetch-Dest': 'document', 'Referer': 'http://127.0.0.1:8000/korp/events/', 'Accept-Encoding': 'gzip, deflate, br', 'Accept-Language': 'ru-RU,ru;q=0.9,en-US;q=0.8,en;q=0.7', 'Cookie': 'csrftoken=PfDdDR2UChajZckeJJiIaGLwDs5L5Q2a'}  
2023-11-26 18:26:16,133 - INFO - middleware - middleware.py-  Страница Проекты. Headers= {'Content-Length': '', 'Content-Type': 'text/plain', 'Host': '127.0.0.1:8000', 'Connection': 'keep-alive', 'Cache-Control': 'max-age=0', 'Sec-Ch-Ua': '"Google Chrome";v="119", "Chromium";v="119", "Not?A_Brand";v="24"', 'Sec-Ch-Ua-Mobile': '?0', 'Sec-Ch-Ua-Platform': '"Windows"', 'Upgrade-Insecure-Requests': '1', 'User-Agent': 'Mozilla/5.0 (Windows NT 10.0; Win64; x64) AppleWebKit/537.36 (KHTML, like Gecko) Chrome/119.0.0.0 Safari/537.36', 'Accept': 'text/html,application/xhtml+xml,application/xml;q=0.9,image/avif,image/webp,image/apng,*/*;q=0.8,application/signed-exchange;v=b3;q=0.7', 'Sec-Fetch-Site': 'same-origin', 'Sec-Fetch-Mode': 'navigate', 'Sec-Fetch-User': '?1', 'Sec-Fetch-Dest': 'document', 'Referer': 'http://127.0.0.1:8000/korp/events/', 'Accept-Encoding': 'gzip, deflate, br', 'Accept-Language': 'ru-RU,ru;q=0.9,en-US;q=0.8,en;q=0.7', 'Cookie': 'csrftoken=PfDdDR2UChajZckeJJiIaGLwDs5L5Q2a'}  
2023-11-26 18:26:16,503 - INFO - middleware - middleware.py-  Страница Проекты. Headers= {'Content-Length': '', 'Content-Type': 'text/plain', 'Host': '127.0.0.1:8000', 'Connection': 'keep-alive', 'Cache-Control': 'max-age=0', 'Sec-Ch-Ua': '"Google Chrome";v="119", "Chromium";v="119", "Not?A_Brand";v="24"', 'Sec-Ch-Ua-Mobile': '?0', 'Sec-Ch-Ua-Platform': '"Windows"', 'Upgrade-Insecure-Requests': '1', 'User-Agent': 'Mozilla/5.0 (Windows NT 10.0; Win64; x64) AppleWebKit/537.36 (KHTML, like Gecko) Chrome/119.0.0.0 Safari/537.36', 'Accept': 'text/html,application/xhtml+xml,application/xml;q=0.9,image/avif,image/webp,image/apng,*/*;q=0.8,application/signed-exchange;v=b3;q=0.7', 'Sec-Fetch-Site': 'same-origin', 'Sec-Fetch-Mode': 'navigate', 'Sec-Fetch-User': '?1', 'Sec-Fetch-Dest': 'document', 'Referer': 'http://127.0.0.1:8000/korp/events/', 'Accept-Encoding': 'gzip, deflate, br', 'Accept-Language': 'ru-RU,ru;q=0.9,en-US;q=0.8,en;q=0.7', 'Cookie': 'csrftoken=PfDdDR2UChajZckeJJiIaGLwDs5L5Q2a'}  
2023-11-27 16:30:13,851 - INFO - middleware - middleware.py-  Страница Проекты. Headers= {'Content-Length': '', 'Content-Type': 'text/plain', 'Host': '127.0.0.1:8000', 'Connection': 'keep-alive', 'Sec-Ch-Ua': '"Google Chrome";v="119", "Chromium";v="119", "Not?A_Brand";v="24"', 'Sec-Ch-Ua-Mobile': '?0', 'Sec-Ch-Ua-Platform': '"Windows"', 'Upgrade-Insecure-Requests': '1', 'User-Agent': 'Mozilla/5.0 (Windows NT 10.0; Win64; x64) AppleWebKit/537.36 (KHTML, like Gecko) Chrome/119.0.0.0 Safari/537.36', 'Accept': 'text/html,application/xhtml+xml,application/xml;q=0.9,image/avif,image/webp,image/apng,*/*;q=0.8,application/signed-exchange;v=b3;q=0.7', 'Sec-Fetch-Site': 'same-origin', 'Sec-Fetch-Mode': 'navigate', 'Sec-Fetch-User': '?1', 'Sec-Fetch-Dest': 'document', 'Referer': 'http://127.0.0.1:8000/korp/events/', 'Accept-Encoding': 'gzip, deflate, br', 'Accept-Language': 'ru-RU,ru;q=0.9,en-US;q=0.8,en;q=0.7', 'Cookie': 'csrftoken=PfDdDR2UChajZckeJJiIaGLwDs5L5Q2a'}  
2023-11-27 16:30:26,277 - INFO - middleware - middleware.py-  Страница Проекты. Headers= {'Content-Length': '', 'Content-Type': 'text/plain', 'Host': '127.0.0.1:8000', 'Connection': 'keep-alive', 'Sec-Ch-Ua': '"Google Chrome";v="119", "Chromium";v="119", "Not?A_Brand";v="24"', 'Sec-Ch-Ua-Mobile': '?0', 'Sec-Ch-Ua-Platform': '"Windows"', 'Upgrade-Insecure-Requests': '1', 'User-Agent': 'Mozilla/5.0 (Windows NT 10.0; Win64; x64) AppleWebKit/537.36 (KHTML, like Gecko) Chrome/119.0.0.0 Safari/537.36', 'Accept': 'text/html,application/xhtml+xml,application/xml;q=0.9,image/avif,image/webp,image/apng,*/*;q=0.8,application/signed-exchange;v=b3;q=0.7', 'Sec-Fetch-Site': 'same-origin', 'Sec-Fetch-Mode': 'navigate', 'Sec-Fetch-User': '?1', 'Sec-Fetch-Dest': 'document', 'Referer': 'http://127.0.0.1:8000/korp/pere/', 'Accept-Encoding': 'gzip, deflate, br', 'Accept-Language': 'ru-RU,ru;q=0.9,en-US;q=0.8,en;q=0.7', 'Cookie': 'csrftoken=PfDdDR2UChajZckeJJiIaGLwDs5L5Q2a'}  
2023-12-03 15:31:27,116 - INFO - middleware - middleware.py-  Страница Проекты. Headers= {'Content-Length': '', 'Content-Type': 'text/plain', 'Host': '127.0.0.1:8000', 'Connection': 'keep-alive', 'Sec-Ch-Ua': '"Google Chrome";v="119", "Chromium";v="119", "Not?A_Brand";v="24"', 'Sec-Ch-Ua-Mobile': '?0', 'Sec-Ch-Ua-Platform': '"Windows"', 'Upgrade-Insecure-Requests': '1', 'User-Agent': 'Mozilla/5.0 (Windows NT 10.0; Win64; x64) AppleWebKit/537.36 (KHTML, like Gecko) Chrome/119.0.0.0 Safari/537.36', 'Accept': 'text/html,application/xhtml+xml,application/xml;q=0.9,image/avif,image/webp,image/apng,*/*;q=0.8,application/signed-exchange;v=b3;q=0.7', 'Sec-Fetch-Site': 'same-origin', 'Sec-Fetch-Mode': 'navigate', 'Sec-Fetch-User': '?1', 'Sec-Fetch-Dest': 'document', 'Referer': 'http://127.0.0.1:8000/korp/events/', 'Accept-Encoding': 'gzip, deflate, br', 'Accept-Language': 'ru-RU,ru;q=0.9,en-US;q=0.8,en;q=0.7', 'Cookie': 'csrftoken=PfDdDR2UChajZckeJJiIaGLwDs5L5Q2a'}  
2023-12-03 15:31:39,544 - ERROR - middleware - middleware.py- Ошибка Traceback (most recent call last):
  File "F:\djangoproject\venv3\lib\site-packages\django\core\handlers\base.py", line 197, in _get_response
    response = wrapped_callback(request, *callback_args, **callback_kwargs)
TypeError: pageNotFound() missing 1 required positional argument: 'exception'
 
2023-12-03 15:32:17,129 - ERROR - middleware - middleware.py- Ошибка Traceback (most recent call last):
  File "F:\djangoproject\venv3\lib\site-packages\django\core\handlers\base.py", line 197, in _get_response
    response = wrapped_callback(request, *callback_args, **callback_kwargs)
TypeError: pageNotFound() missing 1 required positional argument: 'exception'
 
2023-12-03 15:34:41,006 - INFO - middleware - middleware.py-  Страница Проекты. Headers= {'Content-Length': '', 'Content-Type': 'text/plain', 'Host': '127.0.0.1:8000', 'Connection': 'keep-alive', 'Sec-Ch-Ua': '"Google Chrome";v="119", "Chromium";v="119", "Not?A_Brand";v="24"', 'Sec-Ch-Ua-Mobile': '?0', 'Sec-Ch-Ua-Platform': '"Windows"', 'Upgrade-Insecure-Requests': '1', 'User-Agent': 'Mozilla/5.0 (Windows NT 10.0; Win64; x64) AppleWebKit/537.36 (KHTML, like Gecko) Chrome/119.0.0.0 Safari/537.36', 'Accept': 'text/html,application/xhtml+xml,application/xml;q=0.9,image/avif,image/webp,image/apng,*/*;q=0.8,application/signed-exchange;v=b3;q=0.7', 'Sec-Fetch-Site': 'same-origin', 'Sec-Fetch-Mode': 'navigate', 'Sec-Fetch-User': '?1', 'Sec-Fetch-Dest': 'document', 'Referer': 'http://127.0.0.1:8000/korp/pere/', 'Accept-Encoding': 'gzip, deflate, br', 'Accept-Language': 'ru-RU,ru;q=0.9,en-US;q=0.8,en;q=0.7', 'Cookie': 'csrftoken=PfDdDR2UChajZckeJJiIaGLwDs5L5Q2a'}  
2023-12-03 15:36:09,252 - INFO - middleware - middleware.py-  Страница Проекты. Headers= {'Content-Length': '', 'Content-Type': 'text/plain', 'Host': '127.0.0.1:8000', 'Connection': 'keep-alive', 'Sec-Ch-Ua': '"Google Chrome";v="119", "Chromium";v="119", "Not?A_Brand";v="24"', 'Sec-Ch-Ua-Mobile': '?0', 'Sec-Ch-Ua-Platform': '"Windows"', 'Upgrade-Insecure-Requests': '1', 'User-Agent': 'Mozilla/5.0 (Windows NT 10.0; Win64; x64) AppleWebKit/537.36 (KHTML, like Gecko) Chrome/119.0.0.0 Safari/537.36', 'Accept': 'text/html,application/xhtml+xml,application/xml;q=0.9,image/avif,image/webp,image/apng,*/*;q=0.8,application/signed-exchange;v=b3;q=0.7', 'Sec-Fetch-Site': 'same-origin', 'Sec-Fetch-Mode': 'navigate', 'Sec-Fetch-User': '?1', 'Sec-Fetch-Dest': 'document', 'Referer': 'http://127.0.0.1:8000/korp/pere/', 'Accept-Encoding': 'gzip, deflate, br', 'Accept-Language': 'ru-RU,ru;q=0.9,en-US;q=0.8,en;q=0.7', 'Cookie': 'csrftoken=PfDdDR2UChajZckeJJiIaGLwDs5L5Q2a'}  
2023-12-03 15:40:05,115 - INFO - middleware - middleware.py-  Страница Проекты. Headers= {'Content-Length': '', 'Content-Type': 'text/plain', 'Host': '127.0.0.1:8000', 'Connection': 'keep-alive', 'Sec-Ch-Ua': '"Google Chrome";v="119", "Chromium";v="119", "Not?A_Brand";v="24"', 'Sec-Ch-Ua-Mobile': '?0', 'Sec-Ch-Ua-Platform': '"Windows"', 'Upgrade-Insecure-Requests': '1', 'User-Agent': 'Mozilla/5.0 (Windows NT 10.0; Win64; x64) AppleWebKit/537.36 (KHTML, like Gecko) Chrome/119.0.0.0 Safari/537.36', 'Accept': 'text/html,application/xhtml+xml,application/xml;q=0.9,image/avif,image/webp,image/apng,*/*;q=0.8,application/signed-exchange;v=b3;q=0.7', 'Sec-Fetch-Site': 'same-origin', 'Sec-Fetch-Mode': 'navigate', 'Sec-Fetch-User': '?1', 'Sec-Fetch-Dest': 'document', 'Referer': 'http://127.0.0.1:8000/korp/pere/', 'Accept-Encoding': 'gzip, deflate, br', 'Accept-Language': 'ru-RU,ru;q=0.9,en-US;q=0.8,en;q=0.7', 'Cookie': 'csrftoken=7ReDhVaCbVXH49ZsiCcBinFx48udE0FV; sessionid=gaiw5kiu6c2li2nbeydpdxp2tkjbu0wo'}  
2023-12-03 15:44:46,671 - ERROR - middleware - middleware.py- Ошибка Traceback (most recent call last):
  File "F:\djangoproject\venv3\lib\site-packages\django\core\handlers\base.py", line 197, in _get_response
    response = wrapped_callback(request, *callback_args, **callback_kwargs)
TypeError: pageNotFound() missing 1 required positional argument: 'exception'
 
2023-12-03 15:44:52,225 - ERROR - middleware - middleware.py- Ошибка Traceback (most recent call last):
  File "F:\djangoproject\venv3\lib\site-packages\django\core\handlers\base.py", line 197, in _get_response
    response = wrapped_callback(request, *callback_args, **callback_kwargs)
TypeError: pageNotFound() missing 1 required positional argument: 'exception'
 
2023-12-03 15:47:45,039 - ERROR - middleware - middleware.py- Ошибка Traceback (most recent call last):
  File "F:\djangoproject\venv3\lib\site-packages\django\core\handlers\base.py", line 197, in _get_response
    response = wrapped_callback(request, *callback_args, **callback_kwargs)
  File "F:\djangoproject\venv3\lib\site-packages\django\views\generic\base.py", line 104, in view
    return self.dispatch(request, *args, **kwargs)
  File "F:\djangoproject\venv3\lib\site-packages\django\contrib\auth\mixins.py", line 73, in dispatch
    return super().dispatch(request, *args, **kwargs)
  File "F:\djangoproject\venv3\lib\site-packages\django\views\generic\base.py", line 143, in dispatch
    return handler(request, *args, **kwargs)
TypeError: login.get() takes 1 positional argument but 2 were given
 
2023-12-03 15:47:47,887 - ERROR - middleware - middleware.py- Ошибка Traceback (most recent call last):
  File "F:\djangoproject\venv3\lib\site-packages\django\core\handlers\base.py", line 197, in _get_response
    response = wrapped_callback(request, *callback_args, **callback_kwargs)
  File "F:\djangoproject\venv3\lib\site-packages\django\views\generic\base.py", line 104, in view
    return self.dispatch(request, *args, **kwargs)
  File "F:\djangoproject\venv3\lib\site-packages\django\contrib\auth\mixins.py", line 73, in dispatch
    return super().dispatch(request, *args, **kwargs)
  File "F:\djangoproject\venv3\lib\site-packages\django\views\generic\base.py", line 143, in dispatch
    return handler(request, *args, **kwargs)
TypeError: login.get() takes 1 positional argument but 2 were given
 
2023-12-03 15:47:48,976 - ERROR - middleware - middleware.py- Ошибка Traceback (most recent call last):
  File "F:\djangoproject\venv3\lib\site-packages\django\core\handlers\base.py", line 197, in _get_response
    response = wrapped_callback(request, *callback_args, **callback_kwargs)
  File "F:\djangoproject\venv3\lib\site-packages\django\views\generic\base.py", line 104, in view
    return self.dispatch(request, *args, **kwargs)
  File "F:\djangoproject\venv3\lib\site-packages\django\contrib\auth\mixins.py", line 73, in dispatch
    return super().dispatch(request, *args, **kwargs)
  File "F:\djangoproject\venv3\lib\site-packages\django\views\generic\base.py", line 143, in dispatch
    return handler(request, *args, **kwargs)
TypeError: login.get() takes 1 positional argument but 2 were given
 
2023-12-03 15:47:49,488 - ERROR - middleware - middleware.py- Ошибка Traceback (most recent call last):
  File "F:\djangoproject\venv3\lib\site-packages\django\core\handlers\base.py", line 197, in _get_response
    response = wrapped_callback(request, *callback_args, **callback_kwargs)
  File "F:\djangoproject\venv3\lib\site-packages\django\views\generic\base.py", line 104, in view
    return self.dispatch(request, *args, **kwargs)
  File "F:\djangoproject\venv3\lib\site-packages\django\contrib\auth\mixins.py", line 73, in dispatch
    return super().dispatch(request, *args, **kwargs)
  File "F:\djangoproject\venv3\lib\site-packages\django\views\generic\base.py", line 143, in dispatch
    return handler(request, *args, **kwargs)
TypeError: login.get() takes 1 positional argument but 2 were given
 
2023-12-03 15:47:49,956 - ERROR - middleware - middleware.py- Ошибка Traceback (most recent call last):
  File "F:\djangoproject\venv3\lib\site-packages\django\core\handlers\base.py", line 197, in _get_response
    response = wrapped_callback(request, *callback_args, **callback_kwargs)
  File "F:\djangoproject\venv3\lib\site-packages\django\views\generic\base.py", line 104, in view
    return self.dispatch(request, *args, **kwargs)
  File "F:\djangoproject\venv3\lib\site-packages\django\contrib\auth\mixins.py", line 73, in dispatch
    return super().dispatch(request, *args, **kwargs)
  File "F:\djangoproject\venv3\lib\site-packages\django\views\generic\base.py", line 143, in dispatch
    return handler(request, *args, **kwargs)
TypeError: login.get() takes 1 positional argument but 2 were given
 
2023-12-03 15:47:50,321 - ERROR - middleware - middleware.py- Ошибка Traceback (most recent call last):
  File "F:\djangoproject\venv3\lib\site-packages\django\core\handlers\base.py", line 197, in _get_response
    response = wrapped_callback(request, *callback_args, **callback_kwargs)
  File "F:\djangoproject\venv3\lib\site-packages\django\views\generic\base.py", line 104, in view
    return self.dispatch(request, *args, **kwargs)
  File "F:\djangoproject\venv3\lib\site-packages\django\contrib\auth\mixins.py", line 73, in dispatch
    return super().dispatch(request, *args, **kwargs)
  File "F:\djangoproject\venv3\lib\site-packages\django\views\generic\base.py", line 143, in dispatch
    return handler(request, *args, **kwargs)
TypeError: login.get() takes 1 positional argument but 2 were given
 
2023-12-03 15:47:50,538 - ERROR - middleware - middleware.py- Ошибка Traceback (most recent call last):
  File "F:\djangoproject\venv3\lib\site-packages\django\core\handlers\base.py", line 197, in _get_response
    response = wrapped_callback(request, *callback_args, **callback_kwargs)
  File "F:\djangoproject\venv3\lib\site-packages\django\views\generic\base.py", line 104, in view
    return self.dispatch(request, *args, **kwargs)
  File "F:\djangoproject\venv3\lib\site-packages\django\contrib\auth\mixins.py", line 73, in dispatch
    return super().dispatch(request, *args, **kwargs)
  File "F:\djangoproject\venv3\lib\site-packages\django\views\generic\base.py", line 143, in dispatch
    return handler(request, *args, **kwargs)
TypeError: login.get() takes 1 positional argument but 2 were given
 
2023-12-03 15:47:50,739 - ERROR - middleware - middleware.py- Ошибка Traceback (most recent call last):
  File "F:\djangoproject\venv3\lib\site-packages\django\core\handlers\base.py", line 197, in _get_response
    response = wrapped_callback(request, *callback_args, **callback_kwargs)
  File "F:\djangoproject\venv3\lib\site-packages\django\views\generic\base.py", line 104, in view
    return self.dispatch(request, *args, **kwargs)
  File "F:\djangoproject\venv3\lib\site-packages\django\contrib\auth\mixins.py", line 73, in dispatch
    return super().dispatch(request, *args, **kwargs)
  File "F:\djangoproject\venv3\lib\site-packages\django\views\generic\base.py", line 143, in dispatch
    return handler(request, *args, **kwargs)
TypeError: login.get() takes 1 positional argument but 2 were given
 
2023-12-03 15:47:52,397 - ERROR - middleware - middleware.py- Ошибка Traceback (most recent call last):
  File "F:\djangoproject\venv3\lib\site-packages\django\core\handlers\base.py", line 197, in _get_response
    response = wrapped_callback(request, *callback_args, **callback_kwargs)
  File "F:\djangoproject\venv3\lib\site-packages\django\views\generic\base.py", line 104, in view
    return self.dispatch(request, *args, **kwargs)
  File "F:\djangoproject\venv3\lib\site-packages\django\contrib\auth\mixins.py", line 73, in dispatch
    return super().dispatch(request, *args, **kwargs)
  File "F:\djangoproject\venv3\lib\site-packages\django\views\generic\base.py", line 143, in dispatch
    return handler(request, *args, **kwargs)
TypeError: login.get() takes 1 positional argument but 2 were given
 
2023-12-03 15:47:52,773 - ERROR - middleware - middleware.py- Ошибка Traceback (most recent call last):
  File "F:\djangoproject\venv3\lib\site-packages\django\core\handlers\base.py", line 197, in _get_response
    response = wrapped_callback(request, *callback_args, **callback_kwargs)
  File "F:\djangoproject\venv3\lib\site-packages\django\views\generic\base.py", line 104, in view
    return self.dispatch(request, *args, **kwargs)
  File "F:\djangoproject\venv3\lib\site-packages\django\contrib\auth\mixins.py", line 73, in dispatch
    return super().dispatch(request, *args, **kwargs)
  File "F:\djangoproject\venv3\lib\site-packages\django\views\generic\base.py", line 143, in dispatch
    return handler(request, *args, **kwargs)
TypeError: login.get() takes 1 positional argument but 2 were given
 
2023-12-03 15:47:52,973 - ERROR - middleware - middleware.py- Ошибка Traceback (most recent call last):
  File "F:\djangoproject\venv3\lib\site-packages\django\core\handlers\base.py", line 197, in _get_response
    response = wrapped_callback(request, *callback_args, **callback_kwargs)
  File "F:\djangoproject\venv3\lib\site-packages\django\views\generic\base.py", line 104, in view
    return self.dispatch(request, *args, **kwargs)
  File "F:\djangoproject\venv3\lib\site-packages\django\contrib\auth\mixins.py", line 73, in dispatch
    return super().dispatch(request, *args, **kwargs)
  File "F:\djangoproject\venv3\lib\site-packages\django\views\generic\base.py", line 143, in dispatch
    return handler(request, *args, **kwargs)
TypeError: login.get() takes 1 positional argument but 2 were given
 
2023-12-03 15:48:00,333 - ERROR - middleware - middleware.py- Ошибка Traceback (most recent call last):
  File "F:\djangoproject\venv3\lib\site-packages\django\core\handlers\base.py", line 197, in _get_response
    response = wrapped_callback(request, *callback_args, **callback_kwargs)
  File "F:\djangoproject\venv3\lib\site-packages\django\views\generic\base.py", line 104, in view
    return self.dispatch(request, *args, **kwargs)
  File "F:\djangoproject\venv3\lib\site-packages\django\contrib\auth\mixins.py", line 73, in dispatch
    return super().dispatch(request, *args, **kwargs)
  File "F:\djangoproject\venv3\lib\site-packages\django\views\generic\base.py", line 143, in dispatch
    return handler(request, *args, **kwargs)
TypeError: login.get() takes 1 positional argument but 2 were given
 
2023-12-03 15:48:04,369 - ERROR - middleware - middleware.py- Ошибка Traceback (most recent call last):
  File "F:\djangoproject\venv3\lib\site-packages\django\core\handlers\base.py", line 197, in _get_response
    response = wrapped_callback(request, *callback_args, **callback_kwargs)
  File "F:\djangoproject\venv3\lib\site-packages\django\views\generic\base.py", line 104, in view
    return self.dispatch(request, *args, **kwargs)
  File "F:\djangoproject\venv3\lib\site-packages\django\contrib\auth\mixins.py", line 73, in dispatch
    return super().dispatch(request, *args, **kwargs)
  File "F:\djangoproject\venv3\lib\site-packages\django\views\generic\base.py", line 143, in dispatch
    return handler(request, *args, **kwargs)
TypeError: login.get() takes 1 positional argument but 2 were given
 
2023-12-03 15:48:05,088 - ERROR - middleware - middleware.py- Ошибка Traceback (most recent call last):
  File "F:\djangoproject\venv3\lib\site-packages\django\core\handlers\base.py", line 197, in _get_response
    response = wrapped_callback(request, *callback_args, **callback_kwargs)
  File "F:\djangoproject\venv3\lib\site-packages\django\views\generic\base.py", line 104, in view
    return self.dispatch(request, *args, **kwargs)
  File "F:\djangoproject\venv3\lib\site-packages\django\contrib\auth\mixins.py", line 73, in dispatch
    return super().dispatch(request, *args, **kwargs)
  File "F:\djangoproject\venv3\lib\site-packages\django\views\generic\base.py", line 143, in dispatch
    return handler(request, *args, **kwargs)
TypeError: login.get() takes 1 positional argument but 2 were given
 
2023-12-03 15:48:05,522 - ERROR - middleware - middleware.py- Ошибка Traceback (most recent call last):
  File "F:\djangoproject\venv3\lib\site-packages\django\core\handlers\base.py", line 197, in _get_response
    response = wrapped_callback(request, *callback_args, **callback_kwargs)
  File "F:\djangoproject\venv3\lib\site-packages\django\views\generic\base.py", line 104, in view
    return self.dispatch(request, *args, **kwargs)
  File "F:\djangoproject\venv3\lib\site-packages\django\contrib\auth\mixins.py", line 73, in dispatch
    return super().dispatch(request, *args, **kwargs)
  File "F:\djangoproject\venv3\lib\site-packages\django\views\generic\base.py", line 143, in dispatch
    return handler(request, *args, **kwargs)
TypeError: login.get() takes 1 positional argument but 2 were given
 
2023-12-03 15:48:05,936 - ERROR - middleware - middleware.py- Ошибка Traceback (most recent call last):
  File "F:\djangoproject\venv3\lib\site-packages\django\core\handlers\base.py", line 197, in _get_response
    response = wrapped_callback(request, *callback_args, **callback_kwargs)
  File "F:\djangoproject\venv3\lib\site-packages\django\views\generic\base.py", line 104, in view
    return self.dispatch(request, *args, **kwargs)
  File "F:\djangoproject\venv3\lib\site-packages\django\contrib\auth\mixins.py", line 73, in dispatch
    return super().dispatch(request, *args, **kwargs)
  File "F:\djangoproject\venv3\lib\site-packages\django\views\generic\base.py", line 143, in dispatch
    return handler(request, *args, **kwargs)
TypeError: login.get() takes 1 positional argument but 2 were given
 
2023-12-03 15:48:06,146 - ERROR - middleware - middleware.py- Ошибка Traceback (most recent call last):
  File "F:\djangoproject\venv3\lib\site-packages\django\core\handlers\base.py", line 197, in _get_response
    response = wrapped_callback(request, *callback_args, **callback_kwargs)
  File "F:\djangoproject\venv3\lib\site-packages\django\views\generic\base.py", line 104, in view
    return self.dispatch(request, *args, **kwargs)
  File "F:\djangoproject\venv3\lib\site-packages\django\contrib\auth\mixins.py", line 73, in dispatch
    return super().dispatch(request, *args, **kwargs)
  File "F:\djangoproject\venv3\lib\site-packages\django\views\generic\base.py", line 143, in dispatch
    return handler(request, *args, **kwargs)
TypeError: login.get() takes 1 positional argument but 2 were given
 
2023-12-03 15:48:06,330 - ERROR - middleware - middleware.py- Ошибка Traceback (most recent call last):
  File "F:\djangoproject\venv3\lib\site-packages\django\core\handlers\base.py", line 197, in _get_response
    response = wrapped_callback(request, *callback_args, **callback_kwargs)
  File "F:\djangoproject\venv3\lib\site-packages\django\views\generic\base.py", line 104, in view
    return self.dispatch(request, *args, **kwargs)
  File "F:\djangoproject\venv3\lib\site-packages\django\contrib\auth\mixins.py", line 73, in dispatch
    return super().dispatch(request, *args, **kwargs)
  File "F:\djangoproject\venv3\lib\site-packages\django\views\generic\base.py", line 143, in dispatch
    return handler(request, *args, **kwargs)
TypeError: login.get() takes 1 positional argument but 2 were given
 
2023-12-03 15:48:07,797 - ERROR - middleware - middleware.py- Ошибка Traceback (most recent call last):
  File "F:\djangoproject\venv3\lib\site-packages\django\core\handlers\base.py", line 197, in _get_response
    response = wrapped_callback(request, *callback_args, **callback_kwargs)
  File "F:\djangoproject\venv3\lib\site-packages\django\views\generic\base.py", line 104, in view
    return self.dispatch(request, *args, **kwargs)
  File "F:\djangoproject\venv3\lib\site-packages\django\contrib\auth\mixins.py", line 73, in dispatch
    return super().dispatch(request, *args, **kwargs)
  File "F:\djangoproject\venv3\lib\site-packages\django\views\generic\base.py", line 143, in dispatch
    return handler(request, *args, **kwargs)
TypeError: login.get() takes 1 positional argument but 2 were given
 
2023-12-03 15:48:08,014 - ERROR - middleware - middleware.py- Ошибка Traceback (most recent call last):
  File "F:\djangoproject\venv3\lib\site-packages\django\core\handlers\base.py", line 197, in _get_response
    response = wrapped_callback(request, *callback_args, **callback_kwargs)
  File "F:\djangoproject\venv3\lib\site-packages\django\views\generic\base.py", line 104, in view
    return self.dispatch(request, *args, **kwargs)
  File "F:\djangoproject\venv3\lib\site-packages\django\contrib\auth\mixins.py", line 73, in dispatch
    return super().dispatch(request, *args, **kwargs)
  File "F:\djangoproject\venv3\lib\site-packages\django\views\generic\base.py", line 143, in dispatch
    return handler(request, *args, **kwargs)
TypeError: login.get() takes 1 positional argument but 2 were given
 
2023-12-03 15:48:08,215 - ERROR - middleware - middleware.py- Ошибка Traceback (most recent call last):
  File "F:\djangoproject\venv3\lib\site-packages\django\core\handlers\base.py", line 197, in _get_response
    response = wrapped_callback(request, *callback_args, **callback_kwargs)
  File "F:\djangoproject\venv3\lib\site-packages\django\views\generic\base.py", line 104, in view
    return self.dispatch(request, *args, **kwargs)
  File "F:\djangoproject\venv3\lib\site-packages\django\contrib\auth\mixins.py", line 73, in dispatch
    return super().dispatch(request, *args, **kwargs)
  File "F:\djangoproject\venv3\lib\site-packages\django\views\generic\base.py", line 143, in dispatch
    return handler(request, *args, **kwargs)
TypeError: login.get() takes 1 positional argument but 2 were given
 
2023-12-03 15:48:08,396 - ERROR - middleware - middleware.py- Ошибка Traceback (most recent call last):
  File "F:\djangoproject\venv3\lib\site-packages\django\core\handlers\base.py", line 197, in _get_response
    response = wrapped_callback(request, *callback_args, **callback_kwargs)
  File "F:\djangoproject\venv3\lib\site-packages\django\views\generic\base.py", line 104, in view
    return self.dispatch(request, *args, **kwargs)
  File "F:\djangoproject\venv3\lib\site-packages\django\contrib\auth\mixins.py", line 73, in dispatch
    return super().dispatch(request, *args, **kwargs)
  File "F:\djangoproject\venv3\lib\site-packages\django\views\generic\base.py", line 143, in dispatch
    return handler(request, *args, **kwargs)
TypeError: login.get() takes 1 positional argument but 2 were given
 
2023-12-03 15:48:08,614 - ERROR - middleware - middleware.py- Ошибка Traceback (most recent call last):
  File "F:\djangoproject\venv3\lib\site-packages\django\core\handlers\base.py", line 197, in _get_response
    response = wrapped_callback(request, *callback_args, **callback_kwargs)
  File "F:\djangoproject\venv3\lib\site-packages\django\views\generic\base.py", line 104, in view
    return self.dispatch(request, *args, **kwargs)
  File "F:\djangoproject\venv3\lib\site-packages\django\contrib\auth\mixins.py", line 73, in dispatch
    return super().dispatch(request, *args, **kwargs)
  File "F:\djangoproject\venv3\lib\site-packages\django\views\generic\base.py", line 143, in dispatch
    return handler(request, *args, **kwargs)
TypeError: login.get() takes 1 positional argument but 2 were given
 
2023-12-03 15:48:10,065 - ERROR - middleware - middleware.py- Ошибка Traceback (most recent call last):
  File "F:\djangoproject\venv3\lib\site-packages\django\core\handlers\base.py", line 197, in _get_response
    response = wrapped_callback(request, *callback_args, **callback_kwargs)
  File "F:\djangoproject\venv3\lib\site-packages\django\views\generic\base.py", line 104, in view
    return self.dispatch(request, *args, **kwargs)
  File "F:\djangoproject\venv3\lib\site-packages\django\contrib\auth\mixins.py", line 73, in dispatch
    return super().dispatch(request, *args, **kwargs)
  File "F:\djangoproject\venv3\lib\site-packages\django\views\generic\base.py", line 143, in dispatch
    return handler(request, *args, **kwargs)
TypeError: login.get() takes 1 positional argument but 2 were given
 
2023-12-03 15:48:10,246 - ERROR - middleware - middleware.py- Ошибка Traceback (most recent call last):
  File "F:\djangoproject\venv3\lib\site-packages\django\core\handlers\base.py", line 197, in _get_response
    response = wrapped_callback(request, *callback_args, **callback_kwargs)
  File "F:\djangoproject\venv3\lib\site-packages\django\views\generic\base.py", line 104, in view
    return self.dispatch(request, *args, **kwargs)
  File "F:\djangoproject\venv3\lib\site-packages\django\contrib\auth\mixins.py", line 73, in dispatch
    return super().dispatch(request, *args, **kwargs)
  File "F:\djangoproject\venv3\lib\site-packages\django\views\generic\base.py", line 143, in dispatch
    return handler(request, *args, **kwargs)
TypeError: login.get() takes 1 positional argument but 2 were given
 
2023-12-03 15:48:10,464 - ERROR - middleware - middleware.py- Ошибка Traceback (most recent call last):
  File "F:\djangoproject\venv3\lib\site-packages\django\core\handlers\base.py", line 197, in _get_response
    response = wrapped_callback(request, *callback_args, **callback_kwargs)
  File "F:\djangoproject\venv3\lib\site-packages\django\views\generic\base.py", line 104, in view
    return self.dispatch(request, *args, **kwargs)
  File "F:\djangoproject\venv3\lib\site-packages\django\contrib\auth\mixins.py", line 73, in dispatch
    return super().dispatch(request, *args, **kwargs)
  File "F:\djangoproject\venv3\lib\site-packages\django\views\generic\base.py", line 143, in dispatch
    return handler(request, *args, **kwargs)
TypeError: login.get() takes 1 positional argument but 2 were given
 
2023-12-03 15:48:10,648 - ERROR - middleware - middleware.py- Ошибка Traceback (most recent call last):
  File "F:\djangoproject\venv3\lib\site-packages\django\core\handlers\base.py", line 197, in _get_response
    response = wrapped_callback(request, *callback_args, **callback_kwargs)
  File "F:\djangoproject\venv3\lib\site-packages\django\views\generic\base.py", line 104, in view
    return self.dispatch(request, *args, **kwargs)
  File "F:\djangoproject\venv3\lib\site-packages\django\contrib\auth\mixins.py", line 73, in dispatch
    return super().dispatch(request, *args, **kwargs)
  File "F:\djangoproject\venv3\lib\site-packages\django\views\generic\base.py", line 143, in dispatch
    return handler(request, *args, **kwargs)
TypeError: login.get() takes 1 positional argument but 2 were given
 
2023-12-03 15:48:11,079 - ERROR - middleware - middleware.py- Ошибка Traceback (most recent call last):
  File "F:\djangoproject\venv3\lib\site-packages\django\core\handlers\base.py", line 197, in _get_response
    response = wrapped_callback(request, *callback_args, **callback_kwargs)
  File "F:\djangoproject\venv3\lib\site-packages\django\views\generic\base.py", line 104, in view
    return self.dispatch(request, *args, **kwargs)
  File "F:\djangoproject\venv3\lib\site-packages\django\contrib\auth\mixins.py", line 73, in dispatch
    return super().dispatch(request, *args, **kwargs)
  File "F:\djangoproject\venv3\lib\site-packages\django\views\generic\base.py", line 143, in dispatch
    return handler(request, *args, **kwargs)
TypeError: login.get() takes 1 positional argument but 2 were given
 
2023-12-03 15:48:11,345 - ERROR - middleware - middleware.py- Ошибка Traceback (most recent call last):
  File "F:\djangoproject\venv3\lib\site-packages\django\core\handlers\base.py", line 197, in _get_response
    response = wrapped_callback(request, *callback_args, **callback_kwargs)
  File "F:\djangoproject\venv3\lib\site-packages\django\views\generic\base.py", line 104, in view
    return self.dispatch(request, *args, **kwargs)
  File "F:\djangoproject\venv3\lib\site-packages\django\contrib\auth\mixins.py", line 73, in dispatch
    return super().dispatch(request, *args, **kwargs)
  File "F:\djangoproject\venv3\lib\site-packages\django\views\generic\base.py", line 143, in dispatch
    return handler(request, *args, **kwargs)
TypeError: login.get() takes 1 positional argument but 2 were given
 
2023-12-03 15:48:12,912 - ERROR - middleware - middleware.py- Ошибка Traceback (most recent call last):
  File "F:\djangoproject\venv3\lib\site-packages\django\core\handlers\base.py", line 197, in _get_response
    response = wrapped_callback(request, *callback_args, **callback_kwargs)
  File "F:\djangoproject\venv3\lib\site-packages\django\views\generic\base.py", line 104, in view
    return self.dispatch(request, *args, **kwargs)
  File "F:\djangoproject\venv3\lib\site-packages\django\contrib\auth\mixins.py", line 73, in dispatch
    return super().dispatch(request, *args, **kwargs)
  File "F:\djangoproject\venv3\lib\site-packages\django\views\generic\base.py", line 143, in dispatch
    return handler(request, *args, **kwargs)
TypeError: login.get() takes 1 positional argument but 2 were given
 
